<?xml version="1.0" encoding="UTF-8"?>
<testsuite xmlns:xsi="http://www.w3.org/2001/XMLSchema-instance" xsi:noNamespaceSchemaLocation="https://maven.apache.org/surefire/maven-surefire-plugin/xsd/surefire-test-report.xsd" name="com.wyw.AppTest" time="0.054" tests="1" errors="0" skipped="0" failures="0">
  <properties>
    <property name="sun.desktop" value="windows"/>
    <property name="awt.toolkit" value="sun.awt.windows.WToolkit"/>
    <property name="file.encoding.pkg" value="sun.io"/>
    <property name="java.specification.version" value="1.8"/>
    <property name="sun.cpu.isalist" value="amd64"/>
    <property name="sun.jnu.encoding" value="GBK"/>
    <property name="java.class.path" value="E:\storage\beimei\target\test-classes;E:\storage\beimei\target\classes;D:\apache-maven-3.5.4\localdir\junit\junit\4.11\junit-4.11.jar;D:\apache-maven-3.5.4\localdir\org\hamcrest\hamcrest-core\1.3\hamcrest-core-1.3.jar;D:\apache-maven-3.5.4\localdir\org\apache\kafka\kafka-clients\0.10.1.0\kafka-clients-0.10.1.0.jar;D:\apache-maven-3.5.4\localdir\net\jpountz\lz4\lz4\1.3.0\lz4-1.3.0.jar;D:\apache-maven-3.5.4\localdir\org\xerial\snappy\snappy-java\1.1.2.6\snappy-java-1.1.2.6.jar;D:\apache-maven-3.5.4\localdir\org\slf4j\slf4j-api\1.7.21\slf4j-api-1.7.21.jar;D:\apache-maven-3.5.4\localdir\org\apache\kafka\kafka-streams\0.10.1.0\kafka-streams-0.10.1.0.jar;D:\apache-maven-3.5.4\localdir\org\apache\kafka\connect-json\0.10.1.0\connect-json-0.10.1.0.jar;D:\apache-maven-3.5.4\localdir\org\apache\kafka\connect-api\0.10.1.0\connect-api-0.10.1.0.jar;D:\apache-maven-3.5.4\localdir\org\rocksdb\rocksdbjni\4.9.0\rocksdbjni-4.9.0.jar;D:\apache-maven-3.5.4\localdir\com\101tec\zkclient\0.9\zkclient-0.9.jar;D:\apache-maven-3.5.4\localdir\log4j\log4j\1.2.17\log4j-1.2.17.jar;D:\apache-maven-3.5.4\localdir\com\fasterxml\jackson\core\jackson-databind\2.6.3\jackson-databind-2.6.3.jar;D:\apache-maven-3.5.4\localdir\com\fasterxml\jackson\core\jackson-annotations\2.6.0\jackson-annotations-2.6.0.jar;D:\apache-maven-3.5.4\localdir\com\fasterxml\jackson\core\jackson-core\2.6.3\jackson-core-2.6.3.jar;D:\apache-maven-3.5.4\localdir\org\apache\hadoop\hadoop-common\2.6.0\hadoop-common-2.6.0.jar;D:\apache-maven-3.5.4\localdir\org\apache\hadoop\hadoop-annotations\2.6.0\hadoop-annotations-2.6.0.jar;D:\JAVA\jdk1.8.0_77\jre\..\lib\tools.jar;D:\apache-maven-3.5.4\localdir\com\google\guava\guava\11.0.2\guava-11.0.2.jar;D:\apache-maven-3.5.4\localdir\commons-cli\commons-cli\1.2\commons-cli-1.2.jar;D:\apache-maven-3.5.4\localdir\org\apache\commons\commons-math3\3.1.1\commons-math3-3.1.1.jar;D:\apache-maven-3.5.4\localdir\xmlenc\xmlenc\0.52\xmlenc-0.52.jar;D:\apache-maven-3.5.4\localdir\commons-httpclient\commons-httpclient\3.1\commons-httpclient-3.1.jar;D:\apache-maven-3.5.4\localdir\commons-codec\commons-codec\1.4\commons-codec-1.4.jar;D:\apache-maven-3.5.4\localdir\commons-io\commons-io\2.4\commons-io-2.4.jar;D:\apache-maven-3.5.4\localdir\commons-net\commons-net\3.1\commons-net-3.1.jar;D:\apache-maven-3.5.4\localdir\commons-collections\commons-collections\3.2.1\commons-collections-3.2.1.jar;D:\apache-maven-3.5.4\localdir\javax\servlet\servlet-api\2.5\servlet-api-2.5.jar;D:\apache-maven-3.5.4\localdir\org\mortbay\jetty\jetty\6.1.26\jetty-6.1.26.jar;D:\apache-maven-3.5.4\localdir\org\mortbay\jetty\jetty-util\6.1.26\jetty-util-6.1.26.jar;D:\apache-maven-3.5.4\localdir\com\sun\jersey\jersey-core\1.9\jersey-core-1.9.jar;D:\apache-maven-3.5.4\localdir\com\sun\jersey\jersey-json\1.9\jersey-json-1.9.jar;D:\apache-maven-3.5.4\localdir\org\codehaus\jettison\jettison\1.1\jettison-1.1.jar;D:\apache-maven-3.5.4\localdir\com\sun\xml\bind\jaxb-impl\2.2.3-1\jaxb-impl-2.2.3-1.jar;D:\apache-maven-3.5.4\localdir\javax\xml\bind\jaxb-api\2.2.2\jaxb-api-2.2.2.jar;D:\apache-maven-3.5.4\localdir\javax\xml\stream\stax-api\1.0-2\stax-api-1.0-2.jar;D:\apache-maven-3.5.4\localdir\javax\activation\activation\1.1\activation-1.1.jar;D:\apache-maven-3.5.4\localdir\org\codehaus\jackson\jackson-jaxrs\1.8.3\jackson-jaxrs-1.8.3.jar;D:\apache-maven-3.5.4\localdir\org\codehaus\jackson\jackson-xc\1.8.3\jackson-xc-1.8.3.jar;D:\apache-maven-3.5.4\localdir\com\sun\jersey\jersey-server\1.9\jersey-server-1.9.jar;D:\apache-maven-3.5.4\localdir\asm\asm\3.1\asm-3.1.jar;D:\apache-maven-3.5.4\localdir\tomcat\jasper-compiler\5.5.23\jasper-compiler-5.5.23.jar;D:\apache-maven-3.5.4\localdir\tomcat\jasper-runtime\5.5.23\jasper-runtime-5.5.23.jar;D:\apache-maven-3.5.4\localdir\javax\servlet\jsp\jsp-api\2.1\jsp-api-2.1.jar;D:\apache-maven-3.5.4\localdir\commons-el\commons-el\1.0\commons-el-1.0.jar;D:\apache-maven-3.5.4\localdir\commons-logging\commons-logging\1.1.3\commons-logging-1.1.3.jar;D:\apache-maven-3.5.4\localdir\net\java\dev\jets3t\jets3t\0.9.0\jets3t-0.9.0.jar;D:\apache-maven-3.5.4\localdir\org\apache\httpcomponents\httpclient\4.1.2\httpclient-4.1.2.jar;D:\apache-maven-3.5.4\localdir\org\apache\httpcomponents\httpcore\4.1.2\httpcore-4.1.2.jar;D:\apache-maven-3.5.4\localdir\com\jamesmurty\utils\java-xmlbuilder\0.4\java-xmlbuilder-0.4.jar;D:\apache-maven-3.5.4\localdir\commons-lang\commons-lang\2.6\commons-lang-2.6.jar;D:\apache-maven-3.5.4\localdir\commons-configuration\commons-configuration\1.6\commons-configuration-1.6.jar;D:\apache-maven-3.5.4\localdir\commons-digester\commons-digester\1.8\commons-digester-1.8.jar;D:\apache-maven-3.5.4\localdir\commons-beanutils\commons-beanutils\1.7.0\commons-beanutils-1.7.0.jar;D:\apache-maven-3.5.4\localdir\commons-beanutils\commons-beanutils-core\1.8.0\commons-beanutils-core-1.8.0.jar;D:\apache-maven-3.5.4\localdir\org\slf4j\slf4j-log4j12\1.7.5\slf4j-log4j12-1.7.5.jar;D:\apache-maven-3.5.4\localdir\org\codehaus\jackson\jackson-core-asl\1.9.13\jackson-core-asl-1.9.13.jar;D:\apache-maven-3.5.4\localdir\org\codehaus\jackson\jackson-mapper-asl\1.9.13\jackson-mapper-asl-1.9.13.jar;D:\apache-maven-3.5.4\localdir\org\apache\avro\avro\1.7.4\avro-1.7.4.jar;D:\apache-maven-3.5.4\localdir\com\thoughtworks\paranamer\paranamer\2.3\paranamer-2.3.jar;D:\apache-maven-3.5.4\localdir\com\google\protobuf\protobuf-java\2.5.0\protobuf-java-2.5.0.jar;D:\apache-maven-3.5.4\localdir\org\apache\hadoop\hadoop-auth\2.6.0\hadoop-auth-2.6.0.jar;D:\apache-maven-3.5.4\localdir\org\apache\directory\server\apacheds-kerberos-codec\2.0.0-M15\apacheds-kerberos-codec-2.0.0-M15.jar;D:\apache-maven-3.5.4\localdir\org\apache\directory\server\apacheds-i18n\2.0.0-M15\apacheds-i18n-2.0.0-M15.jar;D:\apache-maven-3.5.4\localdir\org\apache\directory\api\api-asn1-api\1.0.0-M20\api-asn1-api-1.0.0-M20.jar;D:\apache-maven-3.5.4\localdir\org\apache\directory\api\api-util\1.0.0-M20\api-util-1.0.0-M20.jar;D:\apache-maven-3.5.4\localdir\org\apache\curator\curator-framework\2.6.0\curator-framework-2.6.0.jar;D:\apache-maven-3.5.4\localdir\com\jcraft\jsch\0.1.42\jsch-0.1.42.jar;D:\apache-maven-3.5.4\localdir\org\apache\curator\curator-client\2.6.0\curator-client-2.6.0.jar;D:\apache-maven-3.5.4\localdir\org\apache\curator\curator-recipes\2.6.0\curator-recipes-2.6.0.jar;D:\apache-maven-3.5.4\localdir\com\google\code\findbugs\jsr305\1.3.9\jsr305-1.3.9.jar;D:\apache-maven-3.5.4\localdir\org\htrace\htrace-core\3.0.4\htrace-core-3.0.4.jar;D:\apache-maven-3.5.4\localdir\org\apache\zookeeper\zookeeper\3.4.6\zookeeper-3.4.6.jar;D:\apache-maven-3.5.4\localdir\io\netty\netty\3.7.0.Final\netty-3.7.0.Final.jar;D:\apache-maven-3.5.4\localdir\org\apache\commons\commons-compress\1.4.1\commons-compress-1.4.1.jar;D:\apache-maven-3.5.4\localdir\org\tukaani\xz\1.0\xz-1.0.jar;D:\apache-maven-3.5.4\localdir\org\apache\hadoop\hadoop-client\2.6.0\hadoop-client-2.6.0.jar;D:\apache-maven-3.5.4\localdir\org\apache\hadoop\hadoop-hdfs\2.6.0\hadoop-hdfs-2.6.0.jar;D:\apache-maven-3.5.4\localdir\xerces\xercesImpl\2.9.1\xercesImpl-2.9.1.jar;D:\apache-maven-3.5.4\localdir\xml-apis\xml-apis\1.3.04\xml-apis-1.3.04.jar;D:\apache-maven-3.5.4\localdir\org\apache\hadoop\hadoop-mapreduce-client-app\2.6.0\hadoop-mapreduce-client-app-2.6.0.jar;D:\apache-maven-3.5.4\localdir\org\apache\hadoop\hadoop-mapreduce-client-common\2.6.0\hadoop-mapreduce-client-common-2.6.0.jar;D:\apache-maven-3.5.4\localdir\org\apache\hadoop\hadoop-yarn-client\2.6.0\hadoop-yarn-client-2.6.0.jar;D:\apache-maven-3.5.4\localdir\org\apache\hadoop\hadoop-yarn-server-common\2.6.0\hadoop-yarn-server-common-2.6.0.jar;D:\apache-maven-3.5.4\localdir\org\apache\hadoop\hadoop-mapreduce-client-shuffle\2.6.0\hadoop-mapreduce-client-shuffle-2.6.0.jar;D:\apache-maven-3.5.4\localdir\org\fusesource\leveldbjni\leveldbjni-all\1.8\leveldbjni-all-1.8.jar;D:\apache-maven-3.5.4\localdir\org\apache\hadoop\hadoop-yarn-api\2.6.0\hadoop-yarn-api-2.6.0.jar;D:\apache-maven-3.5.4\localdir\org\apache\hadoop\hadoop-mapreduce-client-core\2.6.0\hadoop-mapreduce-client-core-2.6.0.jar;D:\apache-maven-3.5.4\localdir\org\apache\hadoop\hadoop-yarn-common\2.6.0\hadoop-yarn-common-2.6.0.jar;D:\apache-maven-3.5.4\localdir\com\sun\jersey\jersey-client\1.9\jersey-client-1.9.jar;D:\apache-maven-3.5.4\localdir\org\apache\hadoop\hadoop-mapreduce-client-jobclient\2.6.0\hadoop-mapreduce-client-jobclient-2.6.0.jar;D:\apache-maven-3.5.4\localdir\org\apache\hbase\hbase-client\1.2.0\hbase-client-1.2.0.jar;D:\apache-maven-3.5.4\localdir\org\apache\hbase\hbase-annotations\1.2.0\hbase-annotations-1.2.0.jar;D:\apache-maven-3.5.4\localdir\org\apache\hbase\hbase-protocol\1.2.0\hbase-protocol-1.2.0.jar;D:\apache-maven-3.5.4\localdir\io\netty\netty-all\4.0.23.Final\netty-all-4.0.23.Final.jar;D:\apache-maven-3.5.4\localdir\org\apache\htrace\htrace-core\3.1.0-incubating\htrace-core-3.1.0-incubating.jar;D:\apache-maven-3.5.4\localdir\org\jruby\jcodings\jcodings\1.0.8\jcodings-1.0.8.jar;D:\apache-maven-3.5.4\localdir\org\jruby\joni\joni\2.1.2\joni-2.1.2.jar;D:\apache-maven-3.5.4\localdir\com\yammer\metrics\metrics-core\2.2.0\metrics-core-2.2.0.jar;D:\apache-maven-3.5.4\localdir\com\github\stephenc\findbugs\findbugs-annotations\1.3.9-1\findbugs-annotations-1.3.9-1.jar;D:\apache-maven-3.5.4\localdir\org\apache\hbase\hbase-common\1.2.0\hbase-common-1.2.0.jar;D:\apache-maven-3.5.4\localdir\com\google\code\gson\gson\2.6.2\gson-2.6.2.jar;D:\apache-maven-3.5.4\localdir\org\mongodb\mongo-java-driver\2.5.2\mongo-java-driver-2.5.2.jar;"/>
    <property name="java.vm.vendor" value="Oracle Corporation"/>
    <property name="sun.arch.data.model" value="64"/>
    <property name="user.variant" value=""/>
    <property name="java.vendor.url" value="http://java.oracle.com/"/>
    <property name="user.timezone" value="Asia/Shanghai"/>
    <property name="user.country.format" value="IE"/>
    <property name="java.vm.specification.version" value="1.8"/>
    <property name="os.name" value="Windows 10"/>
    <property name="user.country" value="CN"/>
    <property name="sun.java.launcher" value="SUN_STANDARD"/>
    <property name="sun.boot.library.path" value="D:\JAVA\jdk1.8.0_77\jre\bin"/>
    <property name="sun.java.command" value="C:\Users\lenovo\AppData\Local\Temp\surefire731471028154292194\surefirebooter4433337543856803449.jar C:\Users\lenovo\AppData\Local\Temp\surefire731471028154292194 2020-10-19T11-06-30_681-jvmRun1 surefire8715039069480707999tmp surefire_02405329853503926325tmp"/>
    <property name="surefire.test.class.path" value="E:\storage\beimei\target\test-classes;E:\storage\beimei\target\classes;D:\apache-maven-3.5.4\localdir\junit\junit\4.11\junit-4.11.jar;D:\apache-maven-3.5.4\localdir\org\hamcrest\hamcrest-core\1.3\hamcrest-core-1.3.jar;D:\apache-maven-3.5.4\localdir\org\apache\kafka\kafka-clients\0.10.1.0\kafka-clients-0.10.1.0.jar;D:\apache-maven-3.5.4\localdir\net\jpountz\lz4\lz4\1.3.0\lz4-1.3.0.jar;D:\apache-maven-3.5.4\localdir\org\xerial\snappy\snappy-java\1.1.2.6\snappy-java-1.1.2.6.jar;D:\apache-maven-3.5.4\localdir\org\slf4j\slf4j-api\1.7.21\slf4j-api-1.7.21.jar;D:\apache-maven-3.5.4\localdir\org\apache\kafka\kafka-streams\0.10.1.0\kafka-streams-0.10.1.0.jar;D:\apache-maven-3.5.4\localdir\org\apache\kafka\connect-json\0.10.1.0\connect-json-0.10.1.0.jar;D:\apache-maven-3.5.4\localdir\org\apache\kafka\connect-api\0.10.1.0\connect-api-0.10.1.0.jar;D:\apache-maven-3.5.4\localdir\org\rocksdb\rocksdbjni\4.9.0\rocksdbjni-4.9.0.jar;D:\apache-maven-3.5.4\localdir\com\101tec\zkclient\0.9\zkclient-0.9.jar;D:\apache-maven-3.5.4\localdir\log4j\log4j\1.2.17\log4j-1.2.17.jar;D:\apache-maven-3.5.4\localdir\com\fasterxml\jackson\core\jackson-databind\2.6.3\jackson-databind-2.6.3.jar;D:\apache-maven-3.5.4\localdir\com\fasterxml\jackson\core\jackson-annotations\2.6.0\jackson-annotations-2.6.0.jar;D:\apache-maven-3.5.4\localdir\com\fasterxml\jackson\core\jackson-core\2.6.3\jackson-core-2.6.3.jar;D:\apache-maven-3.5.4\localdir\org\apache\hadoop\hadoop-common\2.6.0\hadoop-common-2.6.0.jar;D:\apache-maven-3.5.4\localdir\org\apache\hadoop\hadoop-annotations\2.6.0\hadoop-annotations-2.6.0.jar;D:\JAVA\jdk1.8.0_77\jre\..\lib\tools.jar;D:\apache-maven-3.5.4\localdir\com\google\guava\guava\11.0.2\guava-11.0.2.jar;D:\apache-maven-3.5.4\localdir\commons-cli\commons-cli\1.2\commons-cli-1.2.jar;D:\apache-maven-3.5.4\localdir\org\apache\commons\commons-math3\3.1.1\commons-math3-3.1.1.jar;D:\apache-maven-3.5.4\localdir\xmlenc\xmlenc\0.52\xmlenc-0.52.jar;D:\apache-maven-3.5.4\localdir\commons-httpclient\commons-httpclient\3.1\commons-httpclient-3.1.jar;D:\apache-maven-3.5.4\localdir\commons-codec\commons-codec\1.4\commons-codec-1.4.jar;D:\apache-maven-3.5.4\localdir\commons-io\commons-io\2.4\commons-io-2.4.jar;D:\apache-maven-3.5.4\localdir\commons-net\commons-net\3.1\commons-net-3.1.jar;D:\apache-maven-3.5.4\localdir\commons-collections\commons-collections\3.2.1\commons-collections-3.2.1.jar;D:\apache-maven-3.5.4\localdir\javax\servlet\servlet-api\2.5\servlet-api-2.5.jar;D:\apache-maven-3.5.4\localdir\org\mortbay\jetty\jetty\6.1.26\jetty-6.1.26.jar;D:\apache-maven-3.5.4\localdir\org\mortbay\jetty\jetty-util\6.1.26\jetty-util-6.1.26.jar;D:\apache-maven-3.5.4\localdir\com\sun\jersey\jersey-core\1.9\jersey-core-1.9.jar;D:\apache-maven-3.5.4\localdir\com\sun\jersey\jersey-json\1.9\jersey-json-1.9.jar;D:\apache-maven-3.5.4\localdir\org\codehaus\jettison\jettison\1.1\jettison-1.1.jar;D:\apache-maven-3.5.4\localdir\com\sun\xml\bind\jaxb-impl\2.2.3-1\jaxb-impl-2.2.3-1.jar;D:\apache-maven-3.5.4\localdir\javax\xml\bind\jaxb-api\2.2.2\jaxb-api-2.2.2.jar;D:\apache-maven-3.5.4\localdir\javax\xml\stream\stax-api\1.0-2\stax-api-1.0-2.jar;D:\apache-maven-3.5.4\localdir\javax\activation\activation\1.1\activation-1.1.jar;D:\apache-maven-3.5.4\localdir\org\codehaus\jackson\jackson-jaxrs\1.8.3\jackson-jaxrs-1.8.3.jar;D:\apache-maven-3.5.4\localdir\org\codehaus\jackson\jackson-xc\1.8.3\jackson-xc-1.8.3.jar;D:\apache-maven-3.5.4\localdir\com\sun\jersey\jersey-server\1.9\jersey-server-1.9.jar;D:\apache-maven-3.5.4\localdir\asm\asm\3.1\asm-3.1.jar;D:\apache-maven-3.5.4\localdir\tomcat\jasper-compiler\5.5.23\jasper-compiler-5.5.23.jar;D:\apache-maven-3.5.4\localdir\tomcat\jasper-runtime\5.5.23\jasper-runtime-5.5.23.jar;D:\apache-maven-3.5.4\localdir\javax\servlet\jsp\jsp-api\2.1\jsp-api-2.1.jar;D:\apache-maven-3.5.4\localdir\commons-el\commons-el\1.0\commons-el-1.0.jar;D:\apache-maven-3.5.4\localdir\commons-logging\commons-logging\1.1.3\commons-logging-1.1.3.jar;D:\apache-maven-3.5.4\localdir\net\java\dev\jets3t\jets3t\0.9.0\jets3t-0.9.0.jar;D:\apache-maven-3.5.4\localdir\org\apache\httpcomponents\httpclient\4.1.2\httpclient-4.1.2.jar;D:\apache-maven-3.5.4\localdir\org\apache\httpcomponents\httpcore\4.1.2\httpcore-4.1.2.jar;D:\apache-maven-3.5.4\localdir\com\jamesmurty\utils\java-xmlbuilder\0.4\java-xmlbuilder-0.4.jar;D:\apache-maven-3.5.4\localdir\commons-lang\commons-lang\2.6\commons-lang-2.6.jar;D:\apache-maven-3.5.4\localdir\commons-configuration\commons-configuration\1.6\commons-configuration-1.6.jar;D:\apache-maven-3.5.4\localdir\commons-digester\commons-digester\1.8\commons-digester-1.8.jar;D:\apache-maven-3.5.4\localdir\commons-beanutils\commons-beanutils\1.7.0\commons-beanutils-1.7.0.jar;D:\apache-maven-3.5.4\localdir\commons-beanutils\commons-beanutils-core\1.8.0\commons-beanutils-core-1.8.0.jar;D:\apache-maven-3.5.4\localdir\org\slf4j\slf4j-log4j12\1.7.5\slf4j-log4j12-1.7.5.jar;D:\apache-maven-3.5.4\localdir\org\codehaus\jackson\jackson-core-asl\1.9.13\jackson-core-asl-1.9.13.jar;D:\apache-maven-3.5.4\localdir\org\codehaus\jackson\jackson-mapper-asl\1.9.13\jackson-mapper-asl-1.9.13.jar;D:\apache-maven-3.5.4\localdir\org\apache\avro\avro\1.7.4\avro-1.7.4.jar;D:\apache-maven-3.5.4\localdir\com\thoughtworks\paranamer\paranamer\2.3\paranamer-2.3.jar;D:\apache-maven-3.5.4\localdir\com\google\protobuf\protobuf-java\2.5.0\protobuf-java-2.5.0.jar;D:\apache-maven-3.5.4\localdir\org\apache\hadoop\hadoop-auth\2.6.0\hadoop-auth-2.6.0.jar;D:\apache-maven-3.5.4\localdir\org\apache\directory\server\apacheds-kerberos-codec\2.0.0-M15\apacheds-kerberos-codec-2.0.0-M15.jar;D:\apache-maven-3.5.4\localdir\org\apache\directory\server\apacheds-i18n\2.0.0-M15\apacheds-i18n-2.0.0-M15.jar;D:\apache-maven-3.5.4\localdir\org\apache\directory\api\api-asn1-api\1.0.0-M20\api-asn1-api-1.0.0-M20.jar;D:\apache-maven-3.5.4\localdir\org\apache\directory\api\api-util\1.0.0-M20\api-util-1.0.0-M20.jar;D:\apache-maven-3.5.4\localdir\org\apache\curator\curator-framework\2.6.0\curator-framework-2.6.0.jar;D:\apache-maven-3.5.4\localdir\com\jcraft\jsch\0.1.42\jsch-0.1.42.jar;D:\apache-maven-3.5.4\localdir\org\apache\curator\curator-client\2.6.0\curator-client-2.6.0.jar;D:\apache-maven-3.5.4\localdir\org\apache\curator\curator-recipes\2.6.0\curator-recipes-2.6.0.jar;D:\apache-maven-3.5.4\localdir\com\google\code\findbugs\jsr305\1.3.9\jsr305-1.3.9.jar;D:\apache-maven-3.5.4\localdir\org\htrace\htrace-core\3.0.4\htrace-core-3.0.4.jar;D:\apache-maven-3.5.4\localdir\org\apache\zookeeper\zookeeper\3.4.6\zookeeper-3.4.6.jar;D:\apache-maven-3.5.4\localdir\io\netty\netty\3.7.0.Final\netty-3.7.0.Final.jar;D:\apache-maven-3.5.4\localdir\org\apache\commons\commons-compress\1.4.1\commons-compress-1.4.1.jar;D:\apache-maven-3.5.4\localdir\org\tukaani\xz\1.0\xz-1.0.jar;D:\apache-maven-3.5.4\localdir\org\apache\hadoop\hadoop-client\2.6.0\hadoop-client-2.6.0.jar;D:\apache-maven-3.5.4\localdir\org\apache\hadoop\hadoop-hdfs\2.6.0\hadoop-hdfs-2.6.0.jar;D:\apache-maven-3.5.4\localdir\xerces\xercesImpl\2.9.1\xercesImpl-2.9.1.jar;D:\apache-maven-3.5.4\localdir\xml-apis\xml-apis\1.3.04\xml-apis-1.3.04.jar;D:\apache-maven-3.5.4\localdir\org\apache\hadoop\hadoop-mapreduce-client-app\2.6.0\hadoop-mapreduce-client-app-2.6.0.jar;D:\apache-maven-3.5.4\localdir\org\apache\hadoop\hadoop-mapreduce-client-common\2.6.0\hadoop-mapreduce-client-common-2.6.0.jar;D:\apache-maven-3.5.4\localdir\org\apache\hadoop\hadoop-yarn-client\2.6.0\hadoop-yarn-client-2.6.0.jar;D:\apache-maven-3.5.4\localdir\org\apache\hadoop\hadoop-yarn-server-common\2.6.0\hadoop-yarn-server-common-2.6.0.jar;D:\apache-maven-3.5.4\localdir\org\apache\hadoop\hadoop-mapreduce-client-shuffle\2.6.0\hadoop-mapreduce-client-shuffle-2.6.0.jar;D:\apache-maven-3.5.4\localdir\org\fusesource\leveldbjni\leveldbjni-all\1.8\leveldbjni-all-1.8.jar;D:\apache-maven-3.5.4\localdir\org\apache\hadoop\hadoop-yarn-api\2.6.0\hadoop-yarn-api-2.6.0.jar;D:\apache-maven-3.5.4\localdir\org\apache\hadoop\hadoop-mapreduce-client-core\2.6.0\hadoop-mapreduce-client-core-2.6.0.jar;D:\apache-maven-3.5.4\localdir\org\apache\hadoop\hadoop-yarn-common\2.6.0\hadoop-yarn-common-2.6.0.jar;D:\apache-maven-3.5.4\localdir\com\sun\jersey\jersey-client\1.9\jersey-client-1.9.jar;D:\apache-maven-3.5.4\localdir\org\apache\hadoop\hadoop-mapreduce-client-jobclient\2.6.0\hadoop-mapreduce-client-jobclient-2.6.0.jar;D:\apache-maven-3.5.4\localdir\org\apache\hbase\hbase-client\1.2.0\hbase-client-1.2.0.jar;D:\apache-maven-3.5.4\localdir\org\apache\hbase\hbase-annotations\1.2.0\hbase-annotations-1.2.0.jar;D:\apache-maven-3.5.4\localdir\org\apache\hbase\hbase-protocol\1.2.0\hbase-protocol-1.2.0.jar;D:\apache-maven-3.5.4\localdir\io\netty\netty-all\4.0.23.Final\netty-all-4.0.23.Final.jar;D:\apache-maven-3.5.4\localdir\org\apache\htrace\htrace-core\3.1.0-incubating\htrace-core-3.1.0-incubating.jar;D:\apache-maven-3.5.4\localdir\org\jruby\jcodings\jcodings\1.0.8\jcodings-1.0.8.jar;D:\apache-maven-3.5.4\localdir\org\jruby\joni\joni\2.1.2\joni-2.1.2.jar;D:\apache-maven-3.5.4\localdir\com\yammer\metrics\metrics-core\2.2.0\metrics-core-2.2.0.jar;D:\apache-maven-3.5.4\localdir\com\github\stephenc\findbugs\findbugs-annotations\1.3.9-1\findbugs-annotations-1.3.9-1.jar;D:\apache-maven-3.5.4\localdir\org\apache\hbase\hbase-common\1.2.0\hbase-common-1.2.0.jar;D:\apache-maven-3.5.4\localdir\com\google\code\gson\gson\2.6.2\gson-2.6.2.jar;D:\apache-maven-3.5.4\localdir\org\mongodb\mongo-java-driver\2.5.2\mongo-java-driver-2.5.2.jar;"/>
    <property name="sun.cpu.endian" value="little"/>
    <property name="user.home" value="C:\Users\lenovo"/>
    <property name="user.language" value="zh"/>
    <property name="java.specification.vendor" value="Oracle Corporation"/>
    <property name="java.home" value="D:\JAVA\jdk1.8.0_77\jre"/>
    <property name="basedir" value="E:\storage\beimei"/>
    <property name="file.separator" value="\"/>
    <property name="line.separator" value="&#10;"/>
    <property name="java.vm.specification.vendor" value="Oracle Corporation"/>
    <property name="java.specification.name" value="Java Platform API Specification"/>
    <property name="java.awt.graphicsenv" value="sun.awt.Win32GraphicsEnvironment"/>
    <property name="surefire.real.class.path" value="C:\Users\lenovo\AppData\Local\Temp\surefire731471028154292194\surefirebooter4433337543856803449.jar"/>
    <property name="sun.boot.class.path" value="D:\JAVA\jdk1.8.0_77\jre\lib\resources.jar;D:\JAVA\jdk1.8.0_77\jre\lib\rt.jar;D:\JAVA\jdk1.8.0_77\jre\lib\sunrsasign.jar;D:\JAVA\jdk1.8.0_77\jre\lib\jsse.jar;D:\JAVA\jdk1.8.0_77\jre\lib\jce.jar;D:\JAVA\jdk1.8.0_77\jre\lib\charsets.jar;D:\JAVA\jdk1.8.0_77\jre\lib\jfr.jar;D:\JAVA\jdk1.8.0_77\jre\classes"/>
    <property name="user.script" value=""/>
    <property name="sun.management.compiler" value="HotSpot 64-Bit Tiered Compilers"/>
    <property name="java.runtime.version" value="1.8.0_77-b03"/>
    <property name="user.name" value="lenovo"/>
    <property name="path.separator" value=";"/>
    <property name="os.version" value="10.0"/>
    <property name="java.endorsed.dirs" value="D:\JAVA\jdk1.8.0_77\jre\lib\endorsed"/>
    <property name="java.runtime.name" value="Java(TM) SE Runtime Environment"/>
    <property name="file.encoding" value="GBK"/>
    <property name="java.vm.name" value="Java HotSpot(TM) 64-Bit Server VM"/>
    <property name="localRepository" value="D:\apache-maven-3.5.4\localdir"/>
    <property name="java.vendor.url.bug" value="http://bugreport.sun.com/bugreport/"/>
    <property name="java.io.tmpdir" value="C:\Users\lenovo\AppData\Local\Temp\"/>
    <property name="java.version" value="1.8.0_77"/>
    <property name="user.dir" value="E:\storage\beimei"/>
    <property name="os.arch" value="amd64"/>
    <property name="java.vm.specification.name" value="Java Virtual Machine Specification"/>
    <property name="java.awt.printerjob" value="sun.awt.windows.WPrinterJob"/>
    <property name="user.language.format" value="en"/>
    <property name="sun.os.patch.level" value=""/>
    <property name="idea.version2019.1" value="true"/>
    <property name="java.library.path" value="D:\JAVA\jdk1.8.0_77\jre\bin;C:\Windows\Sun\Java\bin;C:\Windows\system32;C:\Windows;C:\Program Files (x86)\Common Files\Oracle\Java\javapath;D:\xshell6\;D:\xftp6\;D:\anaconda;D:\anaconda\Library\mingw-w64\bin;C:\Program Files\MySQL\MySQL Server 5.7\bin;D:\anaconda\Library\usr\bin;D:\anaconda\Library\bin;D:\anaconda\Scripts;C:\Program Files (x86)\Common Files\Intel\Shared Libraries\redist\intel64\compiler;C:\Windows\system32;C:\Windows;C:\Windows\System32\Wbem;C:\Windows\System32\WindowsPowerShell\v1.0\;C:\Windows\System32\OpenSSH\;C:\Program Files (x86)\NVIDIA Corporation\PhysX\Common;C:\Program Files\NVIDIA Corporation\NVIDIA NvDLISR;C:\Program Files\dotnet\;C:\Program Files\Microsoft SQL Server\Client SDK\ODBC\170\Tools\Binn\;D:\Git\cmd;D:\Android\SDK\platform-tools;;C:\Program Files\MySQL\MySQL Server 8.0\bin;D:\nodeJs\node_global;D:\nodeJs\;C:\Program Files\MySQL\MySQL Shell 8.0\bin\;D:\mongoDB\bin;D:\python\Scripts;D:\chromeGAE\Chrome;D:\JAVA\jdk1.8.0_77\bin;D:\JAVA\jdk1.8.0_77\jre\bin;D:\python2.7\Scripts;D:\python2.7\lib;D:\Android\SDK\platform-tools;D:\Android\SDK;D:\apache-maven-3.6.3-bin\apache-maven-3.6.3\bin;D:\scala\bin;e:\odps\bin;C:\Program Files\MySQL\MySQL Shell 8.0\bin\;D:\python\Scripts\;D:\python\;C:\Users\lenovo\AppData\Local\Microsoft\WindowsApps;D:\brandzip\;D:\JAVA\jdk1.8.0_77\bin;D:\JAVA\jdk1.8.0_77\jre\bin;&quot;D:\anaconda;D:\anaconda\Scripts&quot;;C:\ProgramData\lenovo\GitHubDesktop\bin;D:\nodeJs\node_global;D:\nodeJs;C:\Users\lenovo\AppData\Roaming\npm;D:\Microsoft VS Code\bin;C:\Users\lenovo\AppData\Local\GitHubDesktop\bin;D:\Android\SDK\platform-tools;D:\Android\SDK;D:\Fiddler;E:\tar包\hadoop-2.6.0-cdh5.14.2\bin;E:\tar包\hadoop-2.6.0-cdh5.14.2\sbin;;."/>
    <property name="java.vm.info" value="mixed mode"/>
    <property name="java.vendor" value="Oracle Corporation"/>
    <property name="java.vm.version" value="25.77-b03"/>
    <property name="java.ext.dirs" value="D:\JAVA\jdk1.8.0_77\jre\lib\ext;C:\Windows\Sun\Java\lib\ext"/>
    <property name="sun.io.unicode.encoding" value="UnicodeLittle"/>
    <property name="java.class.version" value="52.0"/>
  </properties>
  <testcase name="shouldAnswerWithTrue" classname="com.wyw.AppTest" time="0.002"/>
</testsuite>